[0m2021.09.23 12:40:31 INFO  Started: Metals version 0.10.7 in workspace '/home/neowinx/PROJECTS/NEOWINX/playground/api-stack-builders' for client coc.nvim 0.0.80.[0m
[0m2021.09.23 12:40:32 INFO  time: initialize in 0.3s[0m
[0m2021.09.23 12:40:32 WARN  Build server is not auto-connectable.[0m
[0m2021.09.23 12:40:32 WARN  no build target for: /home/neowinx/PROJECTS/NEOWINX/playground/api-stack-builders/build.sbt[0m
[0m2021.09.23 12:40:33 INFO  no build target: using presentation compiler with only scala-library: 2.12.15[0m
[0m2021.09.23 12:40:38 WARN  no build target for: /home/neowinx/PROJECTS/NEOWINX/playground/api-stack-builders/app/controllers/HomeController.scala[0m
[0m2021.09.23 12:48:02 WARN  no build target for: /home/neowinx/PROJECTS/NEOWINX/playground/api-stack-builders/build.sbt[0m
[0m2021.09.23 12:48:03 INFO  running '/usr/lib/jvm/java-8-openjdk/bin/java -Djline.terminal=jline.UnsupportedTerminal -Dsbt.log.noformat=true -Dfile.encoding=UTF-8 -jar /tmp/metals5994378381809651932/sbt-launch.jar -Dbloop.export-jar-classifiers=sources bloopInstall'[0m
[0m2021.09.23 12:48:03 ERROR Picked up _JAVA_OPTIONS: -Dawt.useSystemAAFontSettings=on[0m
[0m2021.09.23 12:48:04 INFO  [info] welcome to sbt 1.5.2 (Oracle Corporation Java 1.8.0_292)[0m
[0m2021.09.23 12:48:05 INFO  [info] loading global plugins from /home/neowinx/.sbt/1.0/plugins[0m
[0m2021.09.23 12:48:07 INFO  [info] loading settings for project api-stack-builders-build-build-build from metals.sbt ...[0m
[0m2021.09.23 12:48:07 INFO  [info] loading project definition from /home/neowinx/PROJECTS/NEOWINX/playground/api-stack-builders/project/project/project[0m
[0m2021.09.23 12:48:08 INFO  [info] loading settings for project api-stack-builders-build-build from metals.sbt ...[0m
[0m2021.09.23 12:48:08 INFO  [info] loading project definition from /home/neowinx/PROJECTS/NEOWINX/playground/api-stack-builders/project/project[0m
[0m2021.09.23 12:48:09 INFO  [success] Generated .bloop/api-stack-builders-build-build.json[0m
[0m2021.09.23 12:48:09 INFO  [success] Total time: 1 s, completed Sep 23, 2021 12:48:09 PM[0m
[0m2021.09.23 12:48:09 INFO  [info] loading settings for project api-stack-builders-build from metals.sbt,plugins.sbt ...[0m
[0m2021.09.23 12:48:09 INFO  [info] loading project definition from /home/neowinx/PROJECTS/NEOWINX/playground/api-stack-builders/project[0m
[0m2021.09.23 12:48:11 INFO  [success] Generated .bloop/api-stack-builders-build.json[0m
[0m2021.09.23 12:48:11 INFO  [success] Total time: 1 s, completed Sep 23, 2021 12:48:11 PM[0m
[0m2021.09.23 12:48:13 INFO  [info] loading settings for project root from build.sbt ...[0m
[0m2021.09.23 12:48:13 INFO  [info] set current project to api-stack-builders (in build file:/home/neowinx/PROJECTS/NEOWINX/playground/api-stack-builders/)[0m
[0m2021.09.23 12:48:18 INFO  [success] Generated .bloop/root.json[0m
[0m2021.09.23 12:48:18 INFO  [success] Generated .bloop/root-test.json[0m
[0m2021.09.23 12:48:18 INFO  [success] Total time: 4 s, completed Sep 23, 2021 12:48:18 PM[0m
[0m2021.09.23 12:48:18 INFO  time: ran 'sbt bloopInstall' in 15s[0m
[0m2021.09.23 12:48:18 INFO  Attempting to connect to the build server...[0m
Starting the bsp launcher for bloop...
Opening a bsp server connection with 'bsp --protocol local --socket /tmp/bsp-launcher6563665224630474314/bsp.socket'...
Waiting for the bsp connection to come up...
Waiting for the bsp connection to come up...
No server running at 127.0.0.1:8212, let's fire one...
Resolving ch.epfl.scala:bloop-frontend_2.12:1.4.9...
Starting bloop server at 127.0.0.1:8212...
Attempting a connection to the server...
Attempting a connection to the server...
Attempting a connection to the server...
[0m[32m[D][0m Loading 2 projects from '/home/neowinx/PROJECTS/NEOWINX/playground/api-stack-builders/.bloop'...
[0m[32m[D][0m Loading project from '/home/neowinx/PROJECTS/NEOWINX/playground/api-stack-builders/.bloop/root.json'
[0m[32m[D][0m Loading project from '/home/neowinx/PROJECTS/NEOWINX/playground/api-stack-builders/.bloop/root-test.json'
[0m[32m[D][0m Cache miss for scala instance org.scala-lang:scala-compiler:2.13.6.
[0m[32m[D][0m   => /home/neowinx/.cache/coursier/v1/https/repo1.maven.org/maven2/net/java/dev/jna/jna/5.3.1/jna-5.3.1.jar
[0m[32m[D][0m   => /home/neowinx/.cache/coursier/v1/https/repo1.maven.org/maven2/org/jline/jline/3.19.0/jline-3.19.0.jar
[0m[32m[D][0m   => /home/neowinx/.cache/coursier/v1/https/repo1.maven.org/maven2/org/scala-lang/scala-compiler/2.13.6/scala-compiler-2.13.6.jar
[0m[32m[D][0m   => /home/neowinx/.cache/coursier/v1/https/repo1.maven.org/maven2/org/scala-lang/scala-library/2.13.6/scala-library-2.13.6.jar
[0m[32m[D][0m   => /home/neowinx/.cache/coursier/v1/https/repo1.maven.org/maven2/org/scala-lang/scala-reflect/2.13.6/scala-reflect-2.13.6.jar
[0m[32m[D][0m Missing analysis file for project 'root-test'
[0m[32m[D][0m Missing analysis file for project 'root'
[0m[32m[D][0m Waiting for a connection at local:///tmp/bsp-launcher6563665224630474314/bsp.socket...
The server is listening for incoming connections at local:///tmp/bsp-launcher6563665224630474314/bsp.socket...
Starting thread that pumps stdin and redirects it to the bsp server...
Starting thread that pumps server stdout and redirects it to the client stdout...
[0m2021.09.23 12:48:20 INFO  tracing is disabled for protocol BSP, to enable tracing of incoming and outgoing JSON messages create an empty file at /home/neowinx/.cache/metals/bsp.trace.json[0m
[0m2021.09.23 12:48:20 INFO  Attempting to connect to the build server...[0m
Starting the bsp launcher for bloop...
[0m2021.09.23 12:48:20 INFO  Attempting to connect to the build server...[0m
Opening a bsp server connection with 'bsp --protocol local --socket /tmp/bsp-launcher6751825401895056905/bsp.socket'...
Waiting for the bsp connection to come up...
Starting the bsp launcher for bloop...
Opening a bsp server connection with 'bsp --protocol local --socket /tmp/bsp-launcher5173187399415298358/bsp.socket'...
Waiting for the bsp connection to come up...
[0m[32m[D][0m Loading workspace settings from bloop.settings.json
[0m[32m[D][0m Waiting for a connection at local:///tmp/bsp-launcher6751825401895056905/bsp.socket...
The server is listening for incoming connections at local:///tmp/bsp-launcher6751825401895056905/bsp.socket...
Starting thread that pumps stdin and redirects it to the bsp server...
Starting thread that pumps server stdout and redirects it to the client stdout...
[0m[32m[D][0m Loading workspace settings from bloop.settings.json
[0m[32m[D][0m Waiting for a connection at local:///tmp/bsp-launcher5173187399415298358/bsp.socket...
The server is listening for incoming connections at local:///tmp/bsp-launcher5173187399415298358/bsp.socket...
[0m2021.09.23 12:48:20 Starting thread that pumps stdin and redirects it to the bsp server...INFO  
tracing is disabled for protocol BSP, to enable tracing of incoming and outgoing JSON messages create an empty file at /home/neowinx/.cache/metals/bsp.trace.json[0m
Starting thread that pumps server stdout and redirects it to the client stdout...
[0m2021.09.23 12:48:20 INFO  tracing is disabled for protocol BSP, to enable tracing of incoming and outgoing JSON messages create an empty file at /home/neowinx/.cache/metals/bsp.trace.json[0m
[0m2021.09.23 12:48:20 INFO  time: Connected to build server in 1.93s[0m
[0m2021.09.23 12:48:20 INFO  Connected to Build server: Bloop v1.4.9[0m
[0m2021.09.23 12:48:21 WARN  Could not find java sources in None. Java symbols will not be available.[0m
[0m2021.09.23 12:48:23 INFO  time: indexed workspace in 3.06s[0m
[0m2021.09.23 12:48:24 INFO  no build target: using presentation compiler with only scala-library: 2.13.6[0m
[0m2021.09.23 12:48:24 INFO  compiling root (7 scala sources and 1 java source)[0m
[0m2021.09.23 12:48:29 INFO  compiling root-test (1 scala source)[0m
[0m2021.09.23 12:48:29 INFO  time: compiled root in 5.31s[0m
[0m2021.09.23 12:48:29 INFO  time: compiled root-test in 0.79s[0m
[0m2021.09.23 12:49:11 INFO  compiling root (1 scala source)[0m
[0m2021.09.23 12:49:11 INFO  time: compiled root in 0.13s[0m
[0m2021.09.23 12:49:42 INFO  /home/neowinx/PROJECTS/NEOWINX/playground/api-stack-builders/app/controllers/HomeController.scala:26:44: stale bloop error: illegal start of simple expression
class HomeController @Inject(ws: WSClient, val controllerComponents: ControllerComponents)(val controllerComponents: ControllerComponents) extends BaseController {
                                           ^[0m
[0m2021.09.23 12:49:42 INFO  /home/neowinx/PROJECTS/NEOWINX/playground/api-stack-builders/app/controllers/HomeController.scala:44:2: stale bloop error: ')' expected but eof found.
}
 ^[0m
[0m2021.09.23 12:49:42 INFO  /home/neowinx/PROJECTS/NEOWINX/playground/api-stack-builders/app/controllers/HomeController.scala:26:44: stale bloop error: illegal start of simple expression
class HomeController @Inject(ws: WSClient, val controllerComponents: ControllerComponents)(val controllerComponents: ControllerComponents) extends BaseController {
                                           ^[0m
[0m2021.09.23 12:49:42 INFO  /home/neowinx/PROJECTS/NEOWINX/playground/api-stack-builders/app/controllers/HomeController.scala:44:2: stale bloop error: ')' expected but eof found.
}
 ^[0m
[0m2021.09.23 12:50:41 INFO  compiling root (1 scala source)[0m
[0m2021.09.23 12:50:41 INFO  time: compiled root in 0.1s[0m
[0m2021.09.23 12:51:08 INFO  compiling root (1 scala source)[0m
[0m2021.09.23 12:51:08 INFO  time: compiled root in 73ms[0m
[0m2021.09.23 12:51:24 INFO  compiling root (1 scala source)[0m
[0m2021.09.23 12:51:24 INFO  time: compiled root in 81ms[0m
[0m2021.09.23 12:51:49 INFO  compiling root (1 scala source)[0m
[0m2021.09.23 12:51:49 INFO  time: compiled root in 0.15s[0m
[0m2021.09.23 12:52:22 INFO  compiling root (1 scala source)[0m
[0m2021.09.23 12:52:22 INFO  time: compiled root in 0.14s[0m
[0m2021.09.23 12:52:47 INFO  compiling root (1 scala source)[0m
[0m2021.09.23 12:52:47 INFO  time: compiled root in 71ms[0m
[0m2021.09.23 12:53:01 INFO  compiling root (1 scala source)[0m
[0m2021.09.23 12:53:01 INFO  time: compiled root in 67ms[0m
[0m2021.09.23 12:53:08 INFO  compiling root (1 scala source)[0m
[0m2021.09.23 12:53:08 INFO  time: compiled root in 0.13s[0m
[0m2021.09.23 12:54:21 INFO  compiling root (1 scala source)[0m
[0m2021.09.23 12:54:21 INFO  time: compiled root in 0.1s[0m
Sep 23, 2021 12:54:36 PM org.eclipse.lsp4j.jsonrpc.RemoteEndpoint handleCancellation
WARNING: Unmatched cancel notification for request id 106
[0m2021.09.23 12:54:43 INFO  compiling root (1 scala source)[0m
[0m2021.09.23 12:54:43 INFO  time: compiled root in 0.11s[0m
[0m2021.09.23 12:55:07 INFO  compiling root (1 scala source)[0m
[0m2021.09.23 12:55:07 INFO  time: compiled root in 99ms[0m
[0m2021.09.23 12:56:49 INFO  compiling root (1 scala source)[0m
[0m2021.09.23 12:56:49 INFO  time: compiled root in 95ms[0m
Sep 23, 2021 12:57:11 PM scala.meta.internal.pc.CompilerAccess handleError
SEVERE: file%3A%2F%2F%2Fhome%2Fneowinx%2FPROJECTS%2FNEOWINX%2Fplayground%2Fapi-stack-builders%2F.metals%2Freadonly%2Fdependencies%2Fscala-library-2.12.13-sources.jar%2Fscala%2Fconcurrent%2Fpackage.scala:20: error: { expected but \n\n found

^
file%3A%2F%2F%2Fhome%2Fneowinx%2FPROJECTS%2FNEOWINX%2Fplayground%2Fapi-stack-builders%2F.metals%2Freadonly%2Fdependencies%2Fscala-library-2.12.13-sources.jar%2Fscala%2Fconcurrent%2Fpackage.scala:20: error: { expected but \n\n found

^
	at scala.meta.internal.parsers.Reporter.syntaxError(Reporter.scala:16)
	at scala.meta.internal.parsers.Reporter.syntaxError$(Reporter.scala:16)
	at scala.meta.internal.parsers.Reporter$$anon$1.syntaxError(Reporter.scala:22)
	at scala.meta.internal.parsers.Reporter.syntaxError(Reporter.scala:17)
	at scala.meta.internal.parsers.Reporter.syntaxError$(Reporter.scala:17)
	at scala.meta.internal.parsers.Reporter$$anon$1.syntaxError(Reporter.scala:22)
	at scala.meta.internal.parsers.ScalametaParser.syntaxErrorExpected(ScalametaParser.scala:941)
	at scala.meta.internal.parsers.ScalametaParser.accept(ScalametaParser.scala:947)
	at scala.meta.internal.parsers.ScalametaParser.inBracesOrError(ScalametaParser.scala:809)
	at scala.meta.internal.parsers.ScalametaParser.inBracesOrNil(ScalametaParser.scala:827)
	at scala.meta.internal.parsers.ScalametaParser.packageBody$1(ScalametaParser.scala:5225)
	at scala.meta.internal.parsers.ScalametaParser.$anonfun$packageDef$1(ScalametaParser.scala:5228)
	at scala.meta.internal.parsers.ScalametaParser.atPos(ScalametaParser.scala:888)
	at scala.meta.internal.parsers.ScalametaParser.autoPos(ScalametaParser.scala:922)
	at scala.meta.internal.parsers.ScalametaParser.packageDef(ScalametaParser.scala:5217)
	at scala.meta.internal.parsers.ScalametaParser.$anonfun$packageOrPackageObjectDef$1(ScalametaParser.scala:5214)
	at scala.meta.internal.parsers.ScalametaParser.atPos(ScalametaParser.scala:888)
	at scala.meta.internal.parsers.ScalametaParser.autoPos(ScalametaParser.scala:922)
	at scala.meta.internal.parsers.ScalametaParser.packageOrPackageObjectDef(ScalametaParser.scala:5211)
	at scala.meta.internal.parsers.ScalametaParser$$anonfun$topStat$1.applyOrElse(ScalametaParser.scala:5073)
	at scala.meta.internal.parsers.ScalametaParser$$anonfun$topStat$1.applyOrElse(ScalametaParser.scala:5067)
	at scala.runtime.AbstractPartialFunction.apply(AbstractPartialFunction.scala:38)
	at scala.meta.internal.parsers.ScalametaParser.statSeq(ScalametaParser.scala:5057)
	at scala.meta.internal.parsers.ScalametaParser.topStatSeq(ScalametaParser.scala:5066)
	at scala.meta.internal.parsers.ScalametaParser.$anonfun$batchSource$1(ScalametaParser.scala:5297)
	at scala.meta.internal.parsers.ScalametaParser.atPos(ScalametaParser.scala:888)
	at scala.meta.internal.parsers.ScalametaParser.autoPos(ScalametaParser.scala:922)
	at scala.meta.internal.parsers.ScalametaParser.batchSource(ScalametaParser.scala:5256)
	at scala.meta.internal.parsers.ScalametaParser.$anonfun$source$1(ScalametaParser.scala:5239)
	at scala.meta.internal.parsers.ScalametaParser.atPos(ScalametaParser.scala:888)
	at scala.meta.internal.parsers.ScalametaParser.autoPos(ScalametaParser.scala:922)
	at scala.meta.internal.parsers.ScalametaParser.source(ScalametaParser.scala:5238)
	at scala.meta.internal.parsers.ScalametaParser.entrypointSource(ScalametaParser.scala:5244)
	at scala.meta.internal.parsers.ScalametaParser.$anonfun$parseSource$2(ScalametaParser.scala:143)
	at scala.meta.internal.parsers.ScalametaParser.parseRule(ScalametaParser.scala:53)
	at scala.meta.internal.parsers.ScalametaParser.parseSource(ScalametaParser.scala:143)
	at scala.meta.parsers.Parse$.$anonfun$parseSource$1(Parse.scala:29)
	at scala.meta.internal.parsers.ScalametaParser$$anon$264.apply(ScalametaParser.scala:5308)
	at scala.meta.parsers.Api$XtensionParseDialectInput.parse(Api.scala:25)
	at scala.meta.internal.semanticdb.scalac.ParseOps$XtensionCompilationUnitSource.toSource(ParseOps.scala:17)
	at scala.meta.internal.semanticdb.scalac.TextDocumentOps$XtensionCompilationUnitDocument.toTextDocument(TextDocumentOps.scala:201)
	at scala.meta.internal.pc.SemanticdbTextDocumentProvider.textDocument(SemanticdbTextDocumentProvider.scala:51)

[0m2021.09.23 12:57:27 INFO  compiling root (1 scala source)[0m
[0m2021.09.23 12:57:27 INFO  time: compiled root in 0.1s[0m
[0m2021.09.23 12:58:26 INFO  compiling root (1 scala source)[0m
[0m2021.09.23 12:58:26 INFO  time: compiled root in 0.1s[0m
[0m2021.09.23 12:58:37 INFO  compiling root (1 scala source)[0m
[0m2021.09.23 12:58:37 INFO  time: compiled root in 0.12s[0m
[0m2021.09.23 12:58:40 INFO  compiling root (1 scala source)[0m
[0m2021.09.23 12:58:40 INFO  time: compiled root in 96ms[0m
[0m2021.09.23 12:58:49 INFO  compiling root (1 scala source)[0m
[0m2021.09.23 12:58:49 INFO  time: compiled root in 0.11s[0m
[0m2021.09.23 12:58:52 INFO  compiling root (1 scala source)[0m
[0m2021.09.23 12:58:52 INFO  time: compiled root in 99ms[0m
[0m2021.09.23 12:59:28 INFO  compiling root (1 scala source)[0m
[0m2021.09.23 12:59:28 INFO  time: compiled root in 0.12s[0m
[0m2021.09.23 12:59:40 INFO  compiling root (1 scala source)[0m
[0m2021.09.23 12:59:40 INFO  time: compiled root in 95ms[0m
[0m2021.09.23 12:59:55 INFO  compiling root (1 scala source)[0m
[0m2021.09.23 12:59:55 INFO  time: compiled root in 91ms[0m
[0m2021.09.23 13:00:17 INFO  compiling root (1 scala source)[0m
[0m2021.09.23 13:00:17 INFO  time: compiled root in 92ms[0m
[0m2021.09.23 13:00:19 INFO  compiling root (1 scala source)[0m
[0m2021.09.23 13:00:19 INFO  time: compiled root in 0.11s[0m
[0m2021.09.23 13:00:43 INFO  compiling root (1 scala source)[0m
[0m2021.09.23 13:00:43 INFO  time: compiled root in 89ms[0m
No more data in the client stdin, exiting...
No more data in the client stdin, exiting...
No more data in the client stdin, exiting...
[0m2021.09.23 13:15:44 INFO  Started: Metals version 0.10.7 in workspace '/home/neowinx/PROJECTS/NEOWINX/playground/api-stack-builders' for client coc.nvim 0.0.80.[0m
[0m2021.09.23 13:15:44 INFO  time: initialize in 0.28s[0m
[0m2021.09.23 13:15:44 INFO  Attempting to connect to the build server...[0m
Starting the bsp launcher for bloop...
Opening a bsp server connection with 'bsp --protocol local --socket /tmp/bsp-launcher6842244872327474129/bsp.socket'...
Waiting for the bsp connection to come up...
[0m2021.09.23 13:15:44 WARN  no build target for: /home/neowinx/PROJECTS/NEOWINX/playground/api-stack-builders/build.sbt[0m
[0m2021.09.23 13:15:44 INFO  skipping build import with status 'Installed'[0m
[0m2021.09.23 13:15:45 INFO  no build target: using presentation compiler with only scala-library: 2.12.15[0m
Waiting for the bsp connection to come up...
No server running at 127.0.0.1:8212, let's fire one...
Resolving ch.epfl.scala:bloop-frontend_2.12:1.4.9...
Starting bloop server at 127.0.0.1:8212...
Attempting a connection to the server...
Attempting a connection to the server...
Attempting a connection to the server...
[0m[32m[D][0m Loading workspace settings from bloop.settings.json
[0m[32m[D][0m Loading 2 projects from '/home/neowinx/PROJECTS/NEOWINX/playground/api-stack-builders/.bloop'...
[0m[32m[D][0m Loading project from '/home/neowinx/PROJECTS/NEOWINX/playground/api-stack-builders/.bloop/root.json'
[0m[32m[D][0m Loading project from '/home/neowinx/PROJECTS/NEOWINX/playground/api-stack-builders/.bloop/root-test.json'
[0m[32m[D][0m Cache miss for scala instance org.scala-lang:scala-compiler:2.13.6.
[0m[32m[D][0m   => /home/neowinx/.cache/coursier/v1/https/repo1.maven.org/maven2/net/java/dev/jna/jna/5.3.1/jna-5.3.1.jar
[0m[32m[D][0m   => /home/neowinx/.cache/coursier/v1/https/repo1.maven.org/maven2/org/jline/jline/3.19.0/jline-3.19.0.jar
[0m[32m[D][0m   => /home/neowinx/.cache/coursier/v1/https/repo1.maven.org/maven2/org/scala-lang/scala-compiler/2.13.6/scala-compiler-2.13.6.jar
[0m[32m[D][0m   => /home/neowinx/.cache/coursier/v1/https/repo1.maven.org/maven2/org/scala-lang/scala-library/2.13.6/scala-library-2.13.6.jar
[0m[32m[D][0m   => /home/neowinx/.cache/coursier/v1/https/repo1.maven.org/maven2/org/scala-lang/scala-reflect/2.13.6/scala-reflect-2.13.6.jar
[0m[32m[D][0m Configured SemanticDB in projects 'root', 'root-test'
[0m[32m[D][0m Loading previous analysis for 'root-test' from '/home/neowinx/PROJECTS/NEOWINX/playground/api-stack-builders/target/streams/test/bloopAnalysisOut/_global/streams/inc_compile_2.13.zip'.
[0m[32m[D][0m Loading previous analysis for 'root' from '/home/neowinx/PROJECTS/NEOWINX/playground/api-stack-builders/target/streams/compile/bloopAnalysisOut/_global/streams/inc_compile_2.13.zip'.
[0m[32m[D][0m Waiting for a connection at local:///tmp/bsp-launcher6842244872327474129/bsp.socket...
The server is listening for incoming connections at local:///tmp/bsp-launcher6842244872327474129/bsp.socket...
Starting thread that pumps stdin and redirects it to the bsp server...
Starting thread that pumps server stdout and redirects it to the client stdout...
[0m2021.09.23 13:15:46 INFO  tracing is disabled for protocol BSP, to enable tracing of incoming and outgoing JSON messages create an empty file at /home/neowinx/.cache/metals/bsp.trace.json[0m
[0m2021.09.23 13:15:46 INFO  Attempting to connect to the build server...[0m
[0m2021.09.23 13:15:47 WARN  no build target for: /home/neowinx/PROJECTS/NEOWINX/playground/api-stack-builders/app/controllers/HomeController.scala[0m
[0m2021.09.23 13:15:46 INFO  Attempting to connect to the build server...[0m
Starting the bsp launcher for bloop...
Opening a bsp server connection with 'bsp --protocol local --socket /tmp/bsp-launcher7324693031964660289/bsp.socket'...
Starting the bsp launcher for bloop...
Waiting for the bsp connection to come up...
Opening a bsp server connection with 'bsp --protocol local --socket /tmp/bsp-launcher7408504813368645388/bsp.socket'...
Waiting for the bsp connection to come up...
[0m[32m[D][0m Loading workspace settings from bloop.settings.json
[0m[32m[D][0m Waiting for a connection at local:///tmp/bsp-launcher7324693031964660289/bsp.socket...
The server is listening for incoming connections at local:///tmp/bsp-launcher7324693031964660289/bsp.socket...
[0m[32m[D][0m Loading workspace settings from bloop.settings.json
[0m[32m[D][0m Waiting for a connection at local:///tmp/bsp-launcher7408504813368645388/bsp.socket...
The server is listening for incoming connections at local:///tmp/bsp-launcher7408504813368645388/bsp.socket...
Starting thread that pumps stdin and redirects it to the bsp server...
Starting thread that pumps stdin and redirects it to the bsp server...
Starting thread that pumps server stdout and redirects it to the client stdout...
Starting thread that pumps server stdout and redirects it to the client stdout...
[0m2021.09.23 13:15:47 INFO  tracing is disabled for protocol BSP, to enable tracing of incoming and outgoing JSON messages create an empty file at /home/neowinx/.cache/metals/bsp.trace.json[0m
[0m2021.09.23 13:15:47 INFO  tracing is disabled for protocol BSP, to enable tracing of incoming and outgoing JSON messages create an empty file at /home/neowinx/.cache/metals/bsp.trace.json[0m
[0m2021.09.23 13:15:47 INFO  time: Connected to build server in 2.31s[0m
[0m2021.09.23 13:15:47 INFO  Connected to Build server: Bloop v1.4.9[0m
[0m2021.09.23 13:15:47 INFO  time: Imported build in 0.1s[0m
[0m2021.09.23 13:15:48 WARN  Could not find java sources in None. Java symbols will not be available.[0m
[0m2021.09.23 13:15:48 INFO  time: indexed workspace in 1.25s[0m
[0m2021.09.23 13:15:48 INFO  no build target: using presentation compiler with only scala-library: 2.13.6[0m
[0m2021.09.23 13:15:48 INFO  compiling root (1 scala source)[0m
[0m2021.09.23 13:15:50 INFO  time: compiled root in 1.51s[0m
[0m2021.09.23 13:17:06 INFO  compiling root (1 scala source)[0m
[0m2021.09.23 13:17:06 INFO  time: compiled root in 0.22s[0m
[0m2021.09.23 13:19:37 INFO  compiling root (1 scala source)[0m
[0m2021.09.23 13:19:39 INFO  time: compiled root in 1.7s[0m
[0m2021.09.23 13:21:52 INFO  compiling root (1 scala source)[0m
[0m2021.09.23 13:21:52 INFO  time: compiled root in 0.8s[0m
[0m2021.09.23 13:22:02 INFO  compiling root (1 scala source)[0m
[0m2021.09.23 13:22:02 INFO  time: compiled root in 0.72s[0m
[0m2021.09.23 13:22:21 INFO  compiling root (1 scala source)[0m
[0m2021.09.23 13:22:21 INFO  time: compiled root in 0.14s[0m
[0m2021.09.23 13:22:40 INFO  compiling root (1 scala source)[0m
[0m2021.09.23 13:22:40 INFO  time: compiled root in 0.12s[0m
[0m2021.09.23 13:23:16 INFO  compiling root (1 scala source)[0m
[0m2021.09.23 13:23:16 INFO  time: compiled root in 0.61s[0m
[0m2021.09.23 13:23:16 INFO  compiling root (1 scala source)[0m
[0m2021.09.23 13:23:17 INFO  time: compiled root in 0.68s[0m
[0m2021.09.23 13:23:54 INFO  compiling root (1 scala source)[0m
[0m2021.09.23 13:23:54 INFO  time: compiled root in 0.11s[0m
[0m2021.09.23 13:24:40 INFO  compiling root (1 scala source)[0m
[0m2021.09.23 13:24:40 INFO  time: compiled root in 0.55s[0m
[0m2021.09.23 13:26:07 INFO  compiling root (1 scala source)[0m
[0m2021.09.23 13:26:07 INFO  time: compiled root in 0.1s[0m
[0m2021.09.23 13:30:44 INFO  compiling root (1 scala source)[0m
[0m2021.09.23 13:30:44 INFO  time: compiled root in 0.11s[0m
[0m2021.09.23 13:30:47 INFO  compiling root (1 scala source)[0m
[0m2021.09.23 13:30:47 INFO  time: compiled root in 0.1s[0m
[0m2021.09.23 13:31:01 INFO  compiling root (1 scala source)[0m
[0m2021.09.23 13:31:01 INFO  time: compiled root in 0.73s[0m
[0m2021.09.23 13:31:20 INFO  compiling root (1 scala source)[0m
[0m2021.09.23 13:31:20 INFO  time: compiled root in 0.55s[0m
